Build started 31/1/2017 3:59:16 AM.
     1>Project "C:\Users\Master\Desktop\Mutiplayer_assignment2\client\client.vcxproj" on node 2 (Build target(s)).
     1>ClCompile:
         C:\Program Files (x86)\Microsoft Visual Studio 12.0\VC\bin\CL.exe /c /ZI /nologo /W3 /WX- /Od /Oy- /D WIN32 /D _DEBUG /D _CONSOLE /D _LIB /D _UNICODE /D UNICODE /Gm /EHsc /RTC1 /MDd /GS /fp:precise /Zc:wchar_t /Zc:forScope /Fo"..\intermediate\\" /Fd"..\intermediate\vc120.pdb" /Gd /TP /analyze- /errorReport:prompt src\Application.cpp
         Application.cpp
     1>c:\users\master\desktop\mutiplayer_assignment2\client\src\application.cpp(174): warning C4018: '<' : signed/unsigned mismatch
     1>c:\users\master\desktop\mutiplayer_assignment2\client\src\application.cpp(547): warning C4018: '<' : signed/unsigned mismatch
     1>c:\users\master\desktop\mutiplayer_assignment2\client\src\application.cpp(529): warning C4101: 'temp' : unreferenced local variable
     1>c:\users\master\desktop\mutiplayer_assignment2\client\src\application.cpp(462): warning C4700: uninitialized local variable 'server_w' used
     1>c:\users\master\desktop\mutiplayer_assignment2\client\src\application.cpp(463): warning C4700: uninitialized local variable 'server_vel_angular' used
       Link:
         C:\Program Files (x86)\Microsoft Visual Studio 12.0\VC\bin\link.exe /ERRORREPORT:PROMPT /OUT:"..\bin\client\client_d.exe" /INCREMENTAL /NOLOGO RakNetDLLDebug.lib hge.lib hgehelp.lib ws2_32.lib kernel32.lib user32.lib gdi32.lib winspool.lib comdlg32.lib advapi32.lib shell32.lib ole32.lib oleaut32.lib uuid.lib odbc32.lib odbccp32.lib kernel32.lib user32.lib gdi32.lib winspool.lib comdlg32.lib advapi32.lib shell32.lib ole32.lib oleaut32.lib uuid.lib odbc32.lib odbccp32.lib /NODEFAULTLIB:libc.lib /MANIFEST /MANIFESTUAC:"level='asInvoker' uiAccess='false'" /manifest:embed /DEBUG /PDB:"..\bin\client\client_d.pdb" /SUBSYSTEM:CONSOLE /TLBID:1 /DYNAMICBASE /NXCOMPAT /IMPLIB:"..\bin\client\client_d.lib" /MACHINE:X86 ..\intermediate\Application.obj
         ..\intermediate\asteroid.obj
         ..\intermediate\main.obj
         ..\intermediate\missile.obj
         ..\intermediate\ship.obj
         ..\intermediate\textbox.obj
         client.vcxproj -> C:\Users\Master\Desktop\Mutiplayer_assignment2\client\..\bin\client\client_d.exe
     1>Done Building Project "C:\Users\Master\Desktop\Mutiplayer_assignment2\client\client.vcxproj" (Build target(s)).

Build succeeded.

Time Elapsed 00:00:01.60
