c:\users\master\desktop\mutiplayer_assignment\intermediate\vc120.pdb
c:\users\master\desktop\mutiplayer_assignment\intermediate\vc120.idb
c:\users\master\desktop\mutiplayer_assignment\intermediate\application.obj
c:\users\master\desktop\mutiplayer_assignment\intermediate\asteroid.obj
c:\users\master\desktop\mutiplayer_assignment\intermediate\main.obj
c:\users\master\desktop\mutiplayer_assignment\intermediate\missile.obj
c:\users\master\desktop\mutiplayer_assignment\intermediate\ship.obj
c:\users\master\desktop\mutiplayer_assignment\intermediate\textbox.obj
c:\users\master\desktop\mutiplayer_assignment\bin\client\client_d.ilk
c:\users\master\desktop\mutiplayer_assignment\bin\client\client_d.exe
c:\users\master\desktop\mutiplayer_assignment\bin\client\client_d.pdb
c:\users\master\desktop\mutiplayer_assignment\intermediate\..\bin\client\client_d.pdb
c:\users\master\desktop\mutiplayer_assignment\client\..\bin\client\client_d.exe
c:\users\master\desktop\mutiplayer_assignment\intermediate\..\bin\client\client_d.ilk
c:\users\master\desktop\mutiplayer_assignment\intermediate\client.tlog\cl.command.1.tlog
c:\users\master\desktop\mutiplayer_assignment\intermediate\client.tlog\cl.read.1.tlog
c:\users\master\desktop\mutiplayer_assignment\intermediate\client.tlog\cl.write.1.tlog
c:\users\master\desktop\mutiplayer_assignment\intermediate\client.tlog\link.command.1.tlog
c:\users\master\desktop\mutiplayer_assignment\intermediate\client.tlog\link.read.1.tlog
c:\users\master\desktop\mutiplayer_assignment\intermediate\client.tlog\link.write.1.tlog
